{"C:\\Users\\ASUS\\Documents\\SE\\se-project-be-68-2-sleepless-se\\controllers\\admin.js": {"path":"C:\\Users\\ASUS\\Documents\\SE\\se-project-be-68-2-sleepless-se\\controllers\\admin.js","statementMap":{"0":{"start":{"line":1,"column":24},"end":{"line":1,"column":60}},"1":{"start":{"line":2,"column":14},"end":{"line":2,"column":40}},"2":{"start":{"line":7,"column":0},"end":{"line":21,"column":2}},"3":{"start":{"line":8,"column":2},"end":{"line":20,"column":3}},"4":{"start":{"line":9,"column":25},"end":{"line":9,"column":27}},"5":{"start":{"line":11,"column":4},"end":{"line":13,"column":5}},"6":{"start":{"line":12,"column":6},"end":{"line":12,"column":47}},"7":{"start":{"line":15,"column":24},"end":{"line":15,"column":100}},"8":{"start":{"line":17,"column":4},"end":{"line":17,"column":89}},"9":{"start":{"line":19,"column":4},"end":{"line":19,"column":69}},"10":{"start":{"line":26,"column":0},"end":{"line":81,"column":2}},"11":{"start":{"line":27,"column":2},"end":{"line":80,"column":3}},"12":{"start":{"line":28,"column":21},"end":{"line":28,"column":66}},"13":{"start":{"line":29,"column":4},"end":{"line":31,"column":5}},"14":{"start":{"line":30,"column":6},"end":{"line":30,"column":98}},"15":{"start":{"line":35,"column":4},"end":{"line":44,"column":5}},"16":{"start":{"line":37,"column":6},"end":{"line":41,"column":8}},"17":{"start":{"line":43,"column":6},"end":{"line":43,"column":55}},"18":{"start":{"line":46,"column":4},"end":{"line":48,"column":5}},"19":{"start":{"line":47,"column":6},"end":{"line":47,"column":99}},"20":{"start":{"line":50,"column":4},"end":{"line":50,"column":35}},"21":{"start":{"line":51,"column":4},"end":{"line":51,"column":40}},"22":{"start":{"line":52,"column":4},"end":{"line":52,"column":28}},"23":{"start":{"line":54,"column":4},"end":{"line":58,"column":7}},"24":{"start":{"line":61,"column":4},"end":{"line":61,"column":40}},"25":{"start":{"line":64,"column":4},"end":{"line":71,"column":5}},"26":{"start":{"line":65,"column":29},"end":{"line":65,"column":57}},"27":{"start":{"line":66,"column":29},"end":{"line":66,"column":57}},"28":{"start":{"line":67,"column":6},"end":{"line":70,"column":9}},"29":{"start":{"line":74,"column":4},"end":{"line":77,"column":5}},"30":{"start":{"line":75,"column":22},"end":{"line":75,"column":71}},"31":{"start":{"line":75,"column":59},"end":{"line":75,"column":70}},"32":{"start":{"line":76,"column":6},"end":{"line":76,"column":95}},"33":{"start":{"line":79,"column":4},"end":{"line":79,"column":70}},"34":{"start":{"line":86,"column":0},"end":{"line":107,"column":2}},"35":{"start":{"line":87,"column":2},"end":{"line":106,"column":5}},"36":{"start":{"line":88,"column":23},"end":{"line":88,"column":31}},"37":{"start":{"line":89,"column":4},"end":{"line":91,"column":5}},"38":{"start":{"line":90,"column":6},"end":{"line":90,"column":104}},"39":{"start":{"line":93,"column":21},"end":{"line":93,"column":66}},"40":{"start":{"line":94,"column":4},"end":{"line":96,"column":5}},"41":{"start":{"line":95,"column":6},"end":{"line":95,"column":108}},"42":{"start":{"line":97,"column":4},"end":{"line":97,"column":35}},"43":{"start":{"line":98,"column":4},"end":{"line":98,"column":40}},"44":{"start":{"line":99,"column":4},"end":{"line":99,"column":40}},"45":{"start":{"line":100,"column":4},"end":{"line":100,"column":28}},"46":{"start":{"line":102,"column":4},"end":{"line":102,"column":78}},"47":{"start":{"line":104,"column":6},"end":{"line":104,"column":41}},"48":{"start":{"line":105,"column":6},"end":{"line":105,"column":72}}},"fnMap":{"0":{"name":"(anonymous_0)","decl":{"start":{"line":7,"column":25},"end":{"line":7,"column":26}},"loc":{"start":{"line":7,"column":51},"end":{"line":21,"column":1}},"line":7},"1":{"name":"(anonymous_1)","decl":{"start":{"line":26,"column":28},"end":{"line":26,"column":29}},"loc":{"start":{"line":26,"column":54},"end":{"line":81,"column":1}},"line":26},"2":{"name":"(anonymous_2)","decl":{"start":{"line":75,"column":52},"end":{"line":75,"column":53}},"loc":{"start":{"line":75,"column":59},"end":{"line":75,"column":70}},"line":75},"3":{"name":"(anonymous_3)","decl":{"start":{"line":86,"column":27},"end":{"line":86,"column":28}},"loc":{"start":{"line":86,"column":53},"end":{"line":107,"column":1}},"line":86}},"branchMap":{"0":{"loc":{"start":{"line":11,"column":4},"end":{"line":13,"column":5}},"type":"if","locations":[{"start":{"line":11,"column":4},"end":{"line":13,"column":5}},{"start":{},"end":{}}],"line":11},"1":{"loc":{"start":{"line":29,"column":4},"end":{"line":31,"column":5}},"type":"if","locations":[{"start":{"line":29,"column":4},"end":{"line":31,"column":5}},{"start":{},"end":{}}],"line":29},"2":{"loc":{"start":{"line":29,"column":8},"end":{"line":29,"column":54}},"type":"binary-expr","locations":[{"start":{"line":29,"column":8},"end":{"line":29,"column":19}},{"start":{"line":29,"column":23},"end":{"line":29,"column":54}}],"line":29},"3":{"loc":{"start":{"line":35,"column":4},"end":{"line":44,"column":5}},"type":"if","locations":[{"start":{"line":35,"column":4},"end":{"line":44,"column":5}},{"start":{"line":42,"column":11},"end":{"line":44,"column":5}}],"line":35},"4":{"loc":{"start":{"line":46,"column":4},"end":{"line":48,"column":5}},"type":"if","locations":[{"start":{"line":46,"column":4},"end":{"line":48,"column":5}},{"start":{},"end":{}}],"line":46},"5":{"loc":{"start":{"line":64,"column":4},"end":{"line":71,"column":5}},"type":"if","locations":[{"start":{"line":64,"column":4},"end":{"line":71,"column":5}},{"start":{},"end":{}}],"line":64},"6":{"loc":{"start":{"line":74,"column":4},"end":{"line":77,"column":5}},"type":"if","locations":[{"start":{"line":74,"column":4},"end":{"line":77,"column":5}},{"start":{},"end":{}}],"line":74},"7":{"loc":{"start":{"line":89,"column":4},"end":{"line":91,"column":5}},"type":"if","locations":[{"start":{"line":89,"column":4},"end":{"line":91,"column":5}},{"start":{},"end":{}}],"line":89},"8":{"loc":{"start":{"line":94,"column":4},"end":{"line":96,"column":5}},"type":"if","locations":[{"start":{"line":94,"column":4},"end":{"line":96,"column":5}},{"start":{},"end":{}}],"line":94},"9":{"loc":{"start":{"line":94,"column":7},"end":{"line":94,"column":53}},"type":"binary-expr","locations":[{"start":{"line":94,"column":7},"end":{"line":94,"column":18}},{"start":{"line":94,"column":22},"end":{"line":94,"column":53}}],"line":94}},"s":{"0":1,"1":1,"2":1,"3":0,"4":0,"5":0,"6":0,"7":0,"8":0,"9":0,"10":1,"11":0,"12":0,"13":0,"14":0,"15":0,"16":0,"17":0,"18":0,"19":0,"20":0,"21":0,"22":0,"23":0,"24":0,"25":0,"26":0,"27":0,"28":0,"29":0,"30":0,"31":0,"32":0,"33":0,"34":1,"35":4,"36":4,"37":4,"38":1,"39":3,"40":2,"41":1,"42":1,"43":1,"44":1,"45":1,"46":1,"47":1,"48":1},"f":{"0":0,"1":0,"2":0,"3":4},"b":{"0":[0,0],"1":[0,0],"2":[0,0],"3":[0,0],"4":[0,0],"5":[0,0],"6":[0,0],"7":[1,3],"8":[1,1],"9":[2,1]},"_coverageSchema":"1a1c01bbd47fc00a2c39e90264f33305004495a9","hash":"6b1595d5bac7648a9e08c55215e4e1a7903b5519"}
,"C:\\Users\\ASUS\\Documents\\SE\\se-project-be-68-2-sleepless-se\\controllers\\bookings.js": {"path":"C:\\Users\\ASUS\\Documents\\SE\\se-project-be-68-2-sleepless-se\\controllers\\bookings.js","statementMap":{"0":{"start":{"line":1,"column":16},"end":{"line":1,"column":44}},"1":{"start":{"line":2,"column":14},"end":{"line":2,"column":40}},"2":{"start":{"line":4,"column":0},"end":{"line":64,"column":2}},"3":{"start":{"line":7,"column":2},"end":{"line":47,"column":3}},"4":{"start":{"line":8,"column":4},"end":{"line":28,"column":5}},"5":{"start":{"line":9,"column":6},"end":{"line":17,"column":11}},"6":{"start":{"line":19,"column":6},"end":{"line":27,"column":11}},"7":{"start":{"line":30,"column":7},"end":{"line":47,"column":3}},"8":{"start":{"line":31,"column":4},"end":{"line":39,"column":9}},"9":{"start":{"line":42,"column":4},"end":{"line":46,"column":9}},"10":{"start":{"line":49,"column":2},"end":{"line":63,"column":3}},"11":{"start":{"line":50,"column":21},"end":{"line":50,"column":32}},"12":{"start":{"line":52,"column":4},"end":{"line":56,"column":7}},"13":{"start":{"line":58,"column":4},"end":{"line":58,"column":23}},"14":{"start":{"line":59,"column":4},"end":{"line":62,"column":7}},"15":{"start":{"line":66,"column":0},"end":{"line":98,"column":2}},"16":{"start":{"line":67,"column":4},"end":{"line":97,"column":5}},"17":{"start":{"line":68,"column":24},"end":{"line":71,"column":10}},"18":{"start":{"line":73,"column":8},"end":{"line":78,"column":9}},"19":{"start":{"line":74,"column":12},"end":{"line":77,"column":15}},"20":{"start":{"line":80,"column":8},"end":{"line":85,"column":9}},"21":{"start":{"line":81,"column":12},"end":{"line":84,"column":15}},"22":{"start":{"line":87,"column":8},"end":{"line":90,"column":11}},"23":{"start":{"line":92,"column":8},"end":{"line":92,"column":27}},"24":{"start":{"line":93,"column":8},"end":{"line":96,"column":11}},"25":{"start":{"line":100,"column":0},"end":{"line":161,"column":2}},"26":{"start":{"line":101,"column":4},"end":{"line":160,"column":5}},"27":{"start":{"line":102,"column":24},"end":{"line":102,"column":60}},"28":{"start":{"line":104,"column":8},"end":{"line":109,"column":9}},"29":{"start":{"line":105,"column":12},"end":{"line":108,"column":15}},"30":{"start":{"line":111,"column":46},"end":{"line":111,"column":54}},"31":{"start":{"line":112,"column":8},"end":{"line":117,"column":9}},"32":{"start":{"line":113,"column":12},"end":{"line":116,"column":15}},"33":{"start":{"line":119,"column":24},"end":{"line":119,"column":45}},"34":{"start":{"line":120,"column":25},"end":{"line":120,"column":47}},"35":{"start":{"line":121,"column":27},"end":{"line":121,"column":82}},"36":{"start":{"line":123,"column":8},"end":{"line":128,"column":9}},"37":{"start":{"line":124,"column":12},"end":{"line":127,"column":15}},"38":{"start":{"line":130,"column":8},"end":{"line":130,"column":33}},"39":{"start":{"line":131,"column":8},"end":{"line":131,"column":36}},"40":{"start":{"line":133,"column":22},"end":{"line":133,"column":51}},"41":{"start":{"line":134,"column":8},"end":{"line":139,"column":9}},"42":{"start":{"line":135,"column":12},"end":{"line":138,"column":15}},"43":{"start":{"line":141,"column":22},"end":{"line":141,"column":52}},"44":{"start":{"line":144,"column":8},"end":{"line":147,"column":11}},"45":{"start":{"line":149,"column":8},"end":{"line":152,"column":11}},"46":{"start":{"line":155,"column":8},"end":{"line":155,"column":27}},"47":{"start":{"line":156,"column":8},"end":{"line":159,"column":11}},"48":{"start":{"line":163,"column":0},"end":{"line":201,"column":2}},"49":{"start":{"line":164,"column":4},"end":{"line":200,"column":5}},"50":{"start":{"line":165,"column":22},"end":{"line":165,"column":59}},"51":{"start":{"line":167,"column":8},"end":{"line":172,"column":9}},"52":{"start":{"line":168,"column":12},"end":{"line":171,"column":15}},"53":{"start":{"line":174,"column":8},"end":{"line":179,"column":9}},"54":{"start":{"line":175,"column":12},"end":{"line":178,"column":15}},"55":{"start":{"line":182,"column":8},"end":{"line":188,"column":11}},"56":{"start":{"line":190,"column":8},"end":{"line":193,"column":11}},"57":{"start":{"line":195,"column":8},"end":{"line":195,"column":27}},"58":{"start":{"line":196,"column":8},"end":{"line":199,"column":11}},"59":{"start":{"line":203,"column":0},"end":{"line":234,"column":2}},"60":{"start":{"line":204,"column":4},"end":{"line":233,"column":5}},"61":{"start":{"line":205,"column":24},"end":{"line":205,"column":61}},"62":{"start":{"line":207,"column":8},"end":{"line":212,"column":9}},"63":{"start":{"line":208,"column":12},"end":{"line":211,"column":15}},"64":{"start":{"line":214,"column":8},"end":{"line":219,"column":9}},"65":{"start":{"line":215,"column":12},"end":{"line":218,"column":15}},"66":{"start":{"line":221,"column":8},"end":{"line":221,"column":34}},"67":{"start":{"line":223,"column":8},"end":{"line":226,"column":11}},"68":{"start":{"line":228,"column":8},"end":{"line":228,"column":27}},"69":{"start":{"line":229,"column":8},"end":{"line":232,"column":11}}},"fnMap":{"0":{"name":"(anonymous_0)","decl":{"start":{"line":4,"column":22},"end":{"line":4,"column":23}},"loc":{"start":{"line":4,"column":48},"end":{"line":64,"column":1}},"line":4},"1":{"name":"(anonymous_1)","decl":{"start":{"line":66,"column":21},"end":{"line":66,"column":22}},"loc":{"start":{"line":66,"column":47},"end":{"line":98,"column":1}},"line":66},"2":{"name":"(anonymous_2)","decl":{"start":{"line":100,"column":21},"end":{"line":100,"column":22}},"loc":{"start":{"line":100,"column":47},"end":{"line":161,"column":1}},"line":100},"3":{"name":"(anonymous_3)","decl":{"start":{"line":163,"column":24},"end":{"line":163,"column":25}},"loc":{"start":{"line":163,"column":46},"end":{"line":201,"column":1}},"line":163},"4":{"name":"(anonymous_4)","decl":{"start":{"line":203,"column":24},"end":{"line":203,"column":25}},"loc":{"start":{"line":203,"column":50},"end":{"line":234,"column":1}},"line":203}},"branchMap":{"0":{"loc":{"start":{"line":7,"column":2},"end":{"line":47,"column":3}},"type":"if","locations":[{"start":{"line":7,"column":2},"end":{"line":47,"column":3}},{"start":{"line":30,"column":7},"end":{"line":47,"column":3}}],"line":7},"1":{"loc":{"start":{"line":8,"column":4},"end":{"line":28,"column":5}},"type":"if","locations":[{"start":{"line":8,"column":4},"end":{"line":28,"column":5}},{"start":{"line":18,"column":11},"end":{"line":28,"column":5}}],"line":8},"2":{"loc":{"start":{"line":30,"column":7},"end":{"line":47,"column":3}},"type":"if","locations":[{"start":{"line":30,"column":7},"end":{"line":47,"column":3}},{"start":{"line":41,"column":7},"end":{"line":47,"column":3}}],"line":30},"3":{"loc":{"start":{"line":73,"column":8},"end":{"line":78,"column":9}},"type":"if","locations":[{"start":{"line":73,"column":8},"end":{"line":78,"column":9}},{"start":{},"end":{}}],"line":73},"4":{"loc":{"start":{"line":80,"column":8},"end":{"line":85,"column":9}},"type":"if","locations":[{"start":{"line":80,"column":8},"end":{"line":85,"column":9}},{"start":{},"end":{}}],"line":80},"5":{"loc":{"start":{"line":80,"column":12},"end":{"line":80,"column":80}},"type":"binary-expr","locations":[{"start":{"line":80,"column":12},"end":{"line":80,"column":51}},{"start":{"line":80,"column":55},"end":{"line":80,"column":80}}],"line":80},"6":{"loc":{"start":{"line":102,"column":24},"end":{"line":102,"column":60}},"type":"binary-expr","locations":[{"start":{"line":102,"column":24},"end":{"line":102,"column":42}},{"start":{"line":102,"column":46},"end":{"line":102,"column":60}}],"line":102},"7":{"loc":{"start":{"line":104,"column":8},"end":{"line":109,"column":9}},"type":"if","locations":[{"start":{"line":104,"column":8},"end":{"line":109,"column":9}},{"start":{},"end":{}}],"line":104},"8":{"loc":{"start":{"line":112,"column":8},"end":{"line":117,"column":9}},"type":"if","locations":[{"start":{"line":112,"column":8},"end":{"line":117,"column":9}},{"start":{},"end":{}}],"line":112},"9":{"loc":{"start":{"line":112,"column":12},"end":{"line":112,"column":41}},"type":"binary-expr","locations":[{"start":{"line":112,"column":12},"end":{"line":112,"column":24}},{"start":{"line":112,"column":28},"end":{"line":112,"column":41}}],"line":112},"10":{"loc":{"start":{"line":123,"column":8},"end":{"line":128,"column":9}},"type":"if","locations":[{"start":{"line":123,"column":8},"end":{"line":128,"column":9}},{"start":{},"end":{}}],"line":123},"11":{"loc":{"start":{"line":134,"column":8},"end":{"line":139,"column":9}},"type":"if","locations":[{"start":{"line":134,"column":8},"end":{"line":139,"column":9}},{"start":{},"end":{}}],"line":134},"12":{"loc":{"start":{"line":167,"column":8},"end":{"line":172,"column":9}},"type":"if","locations":[{"start":{"line":167,"column":8},"end":{"line":172,"column":9}},{"start":{},"end":{}}],"line":167},"13":{"loc":{"start":{"line":174,"column":8},"end":{"line":179,"column":9}},"type":"if","locations":[{"start":{"line":174,"column":8},"end":{"line":179,"column":9}},{"start":{},"end":{}}],"line":174},"14":{"loc":{"start":{"line":174,"column":11},"end":{"line":174,"column":77}},"type":"binary-expr","locations":[{"start":{"line":174,"column":11},"end":{"line":174,"column":48}},{"start":{"line":174,"column":52},"end":{"line":174,"column":77}}],"line":174},"15":{"loc":{"start":{"line":207,"column":8},"end":{"line":212,"column":9}},"type":"if","locations":[{"start":{"line":207,"column":8},"end":{"line":212,"column":9}},{"start":{},"end":{}}],"line":207},"16":{"loc":{"start":{"line":214,"column":8},"end":{"line":219,"column":9}},"type":"if","locations":[{"start":{"line":214,"column":8},"end":{"line":219,"column":9}},{"start":{},"end":{}}],"line":214},"17":{"loc":{"start":{"line":214,"column":12},"end":{"line":214,"column":80}},"type":"binary-expr","locations":[{"start":{"line":214,"column":12},"end":{"line":214,"column":51}},{"start":{"line":214,"column":55},"end":{"line":214,"column":80}}],"line":214}},"s":{"0":1,"1":1,"2":1,"3":0,"4":0,"5":0,"6":0,"7":0,"8":0,"9":0,"10":0,"11":0,"12":0,"13":0,"14":0,"15":1,"16":4,"17":4,"18":3,"19":1,"20":2,"21":1,"22":1,"23":1,"24":1,"25":1,"26":0,"27":0,"28":0,"29":0,"30":0,"31":0,"32":0,"33":0,"34":0,"35":0,"36":0,"37":0,"38":0,"39":0,"40":0,"41":0,"42":0,"43":0,"44":0,"45":0,"46":0,"47":0,"48":1,"49":0,"50":0,"51":0,"52":0,"53":0,"54":0,"55":0,"56":0,"57":0,"58":0,"59":1,"60":0,"61":0,"62":0,"63":0,"64":0,"65":0,"66":0,"67":0,"68":0,"69":0},"f":{"0":0,"1":4,"2":0,"3":0,"4":0},"b":{"0":[0,0],"1":[0,0],"2":[0,0],"3":[1,2],"4":[1,1],"5":[2,2],"6":[0,0],"7":[0,0],"8":[0,0],"9":[0,0],"10":[0,0],"11":[0,0],"12":[0,0],"13":[0,0],"14":[0,0],"15":[0,0],"16":[0,0],"17":[0,0]},"_coverageSchema":"1a1c01bbd47fc00a2c39e90264f33305004495a9","hash":"4cd19b8c6c76f055bb16317de02a7f3fedc74e23"}
,"C:\\Users\\ASUS\\Documents\\SE\\se-project-be-68-2-sleepless-se\\models\\Booking.js": {"path":"C:\\Users\\ASUS\\Documents\\SE\\se-project-be-68-2-sleepless-se\\models\\Booking.js","statementMap":{"0":{"start":{"line":1,"column":17},"end":{"line":1,"column":36}},"1":{"start":{"line":4,"column":20},"end":{"line":30,"column":2}},"2":{"start":{"line":32,"column":0},"end":{"line":32,"column":55}}},"fnMap":{},"branchMap":{},"s":{"0":1,"1":1,"2":1},"f":{},"b":{},"_coverageSchema":"1a1c01bbd47fc00a2c39e90264f33305004495a9","hash":"235840ab63aef71487bc5aa41fd2d78c3831939b"}
,"C:\\Users\\ASUS\\Documents\\SE\\se-project-be-68-2-sleepless-se\\models\\Hotel.js": {"path":"C:\\Users\\ASUS\\Documents\\SE\\se-project-be-68-2-sleepless-se\\models\\Hotel.js","statementMap":{"0":{"start":{"line":1,"column":17},"end":{"line":1,"column":36}},"1":{"start":{"line":3,"column":20},"end":{"line":65,"column":1}},"2":{"start":{"line":67,"column":0},"end":{"line":72,"column":3}},"3":{"start":{"line":74,"column":0},"end":{"line":74,"column":66}}},"fnMap":{},"branchMap":{},"s":{"0":2,"1":2,"2":2,"3":2},"f":{},"b":{},"_coverageSchema":"1a1c01bbd47fc00a2c39e90264f33305004495a9","hash":"c0801c6a47a779c9cca438323e3c3e576fe1cabf"}
,"C:\\Users\\ASUS\\Documents\\SE\\se-project-be-68-2-sleepless-se\\models\\HotelSubmission.js": {"path":"C:\\Users\\ASUS\\Documents\\SE\\se-project-be-68-2-sleepless-se\\models\\HotelSubmission.js","statementMap":{"0":{"start":{"line":1,"column":17},"end":{"line":1,"column":36}},"1":{"start":{"line":3,"column":30},"end":{"line":37,"column":24}},"2":{"start":{"line":39,"column":0},"end":{"line":39,"column":74}}},"fnMap":{},"branchMap":{},"s":{"0":1,"1":1,"2":1},"f":{},"b":{},"_coverageSchema":"1a1c01bbd47fc00a2c39e90264f33305004495a9","hash":"5692408f9a577ea505275d892b4ba950f034a719"}
}
