TN:
SF:controllers\admin.js
FN:7,(anonymous_0)
FN:26,(anonymous_1)
FN:75,(anonymous_2)
FN:86,(anonymous_3)
FNF:4
FNH:1
FNDA:0,(anonymous_0)
FNDA:0,(anonymous_1)
FNDA:0,(anonymous_2)
FNDA:4,(anonymous_3)
DA:1,1
DA:2,1
DA:7,1
DA:8,0
DA:9,0
DA:11,0
DA:12,0
DA:15,0
DA:17,0
DA:19,0
DA:26,1
DA:27,0
DA:28,0
DA:29,0
DA:30,0
DA:35,0
DA:37,0
DA:43,0
DA:46,0
DA:47,0
DA:50,0
DA:51,0
DA:52,0
DA:54,0
DA:61,0
DA:64,0
DA:65,0
DA:66,0
DA:67,0
DA:74,0
DA:75,0
DA:76,0
DA:79,0
DA:86,1
DA:87,4
DA:88,4
DA:89,4
DA:90,1
DA:93,3
DA:94,2
DA:95,1
DA:97,1
DA:98,1
DA:99,1
DA:100,1
DA:102,1
DA:104,1
DA:105,1
LF:48
LH:19
BRDA:11,0,0,0
BRDA:11,0,1,0
BRDA:29,1,0,0
BRDA:29,1,1,0
BRDA:29,2,0,0
BRDA:29,2,1,0
BRDA:35,3,0,0
BRDA:35,3,1,0
BRDA:46,4,0,0
BRDA:46,4,1,0
BRDA:64,5,0,0
BRDA:64,5,1,0
BRDA:74,6,0,0
BRDA:74,6,1,0
BRDA:89,7,0,1
BRDA:89,7,1,3
BRDA:94,8,0,1
BRDA:94,8,1,1
BRDA:94,9,0,2
BRDA:94,9,1,1
BRF:20
BRH:6
end_of_record
TN:
SF:controllers\bookings.js
FN:4,(anonymous_0)
FN:66,(anonymous_1)
FN:100,(anonymous_2)
FN:163,(anonymous_3)
FN:203,(anonymous_4)
FNF:5
FNH:1
FNDA:0,(anonymous_0)
FNDA:4,(anonymous_1)
FNDA:0,(anonymous_2)
FNDA:0,(anonymous_3)
FNDA:0,(anonymous_4)
DA:1,1
DA:2,1
DA:4,1
DA:7,0
DA:8,0
DA:9,0
DA:19,0
DA:30,0
DA:31,0
DA:42,0
DA:49,0
DA:50,0
DA:52,0
DA:58,0
DA:59,0
DA:66,1
DA:67,4
DA:68,4
DA:73,3
DA:74,1
DA:80,2
DA:81,1
DA:87,1
DA:92,1
DA:93,1
DA:100,1
DA:101,0
DA:102,0
DA:104,0
DA:105,0
DA:111,0
DA:112,0
DA:113,0
DA:119,0
DA:120,0
DA:121,0
DA:123,0
DA:124,0
DA:130,0
DA:131,0
DA:133,0
DA:134,0
DA:135,0
DA:141,0
DA:144,0
DA:149,0
DA:155,0
DA:156,0
DA:163,1
DA:164,0
DA:165,0
DA:167,0
DA:168,0
DA:174,0
DA:175,0
DA:182,0
DA:190,0
DA:195,0
DA:196,0
DA:203,1
DA:204,0
DA:205,0
DA:207,0
DA:208,0
DA:214,0
DA:215,0
DA:221,0
DA:223,0
DA:228,0
DA:229,0
LF:70
LH:16
BRDA:7,0,0,0
BRDA:7,0,1,0
BRDA:8,1,0,0
BRDA:8,1,1,0
BRDA:30,2,0,0
BRDA:30,2,1,0
BRDA:73,3,0,1
BRDA:73,3,1,2
BRDA:80,4,0,1
BRDA:80,4,1,1
BRDA:80,5,0,2
BRDA:80,5,1,2
BRDA:102,6,0,0
BRDA:102,6,1,0
BRDA:104,7,0,0
BRDA:104,7,1,0
BRDA:112,8,0,0
BRDA:112,8,1,0
BRDA:112,9,0,0
BRDA:112,9,1,0
BRDA:123,10,0,0
BRDA:123,10,1,0
BRDA:134,11,0,0
BRDA:134,11,1,0
BRDA:167,12,0,0
BRDA:167,12,1,0
BRDA:174,13,0,0
BRDA:174,13,1,0
BRDA:174,14,0,0
BRDA:174,14,1,0
BRDA:207,15,0,0
BRDA:207,15,1,0
BRDA:214,16,0,0
BRDA:214,16,1,0
BRDA:214,17,0,0
BRDA:214,17,1,0
BRF:36
BRH:6
end_of_record
TN:
SF:models\Booking.js
FNF:0
FNH:0
DA:1,1
DA:4,1
DA:32,1
LF:3
LH:3
BRF:0
BRH:0
end_of_record
TN:
SF:models\Hotel.js
FNF:0
FNH:0
DA:1,2
DA:3,2
DA:67,2
DA:74,2
LF:4
LH:4
BRF:0
BRH:0
end_of_record
TN:
SF:models\HotelSubmission.js
FNF:0
FNH:0
DA:1,1
DA:3,1
DA:39,1
LF:3
LH:3
BRF:0
BRH:0
end_of_record
